app/build/intermediates/manifest_merge_blame_file/debug/manifest-merger-blame-debug-report.txt
1<?xml version="1.0" encoding="utf-8"?>
2<manifest xmlns:android="http://schemas.android.com/apk/res/android"
3    package="com.example.administrator.note"
4    android:versionCode="1"
5    android:versionName="1.0" >
6
7    <uses-sdk
8        android:minSdkVersion="15"
8-->src\main\AndroidManifest.xml
9        android:targetSdkVersion="28" />
9-->src\main\AndroidManifest.xml
10
11    <uses-feature
11-->src\main\AndroidManifest.xml:5:5-85
12        android:name="android.hardware.CAMERA"
12-->src\main\AndroidManifest.xml:5:19-57
13        android:required="false" />
13-->src\main\AndroidManifest.xml:5:58-82
14
15    <uses-permission android:name="android.permission.RECORD_AUDIO" />
15-->src\main\AndroidManifest.xml:6:5-71
15-->src\main\AndroidManifest.xml:6:22-68
16    <uses-permission android:name="android.permission.READ_EXTERNAL_STORAGE" />
16-->src\main\AndroidManifest.xml:8:5-80
16-->src\main\AndroidManifest.xml:8:22-77
17    <uses-permission android:name="android.permission.WRITE_EXTERNAL_STORAGE" />
17-->src\main\AndroidManifest.xml:10:5-81
17-->src\main\AndroidManifest.xml:10:22-78
18    <uses-permission android:name="android.permission.INTERNET" />
18-->src\main\AndroidManifest.xml:12:5-67
18-->src\main\AndroidManifest.xml:12:22-64
19    <uses-permission android:name="android.permission.ACCESS_NETWORK_STATE" />
19-->src\main\AndroidManifest.xml:13:5-79
19-->src\main\AndroidManifest.xml:13:22-76
20
21    <application
21-->src\main\AndroidManifest.xml:15:5-52:19
22        android:allowBackup="true"
22-->src\main\AndroidManifest.xml:16:9-35
23        android:appComponentFactory="android.support.v4.app.CoreComponentFactory"
23-->[com.android.support:support-compat:28.0.0] AndroidManifest.xml:22:18-91
24        android:debuggable="true"
25        android:icon="@mipmap/note"
25-->src\main\AndroidManifest.xml:17:9-36
26        android:label="@string/app_name"
26-->src\main\AndroidManifest.xml:18:9-41
27        android:roundIcon="@mipmap/note"
27-->src\main\AndroidManifest.xml:19:9-41
28        android:supportsRtl="true"
28-->src\main\AndroidManifest.xml:20:9-35
29        android:testOnly="true"
30        android:theme="@style/AppTheme" >
30-->src\main\AndroidManifest.xml:21:9-40
31        <provider
32            android:name="android.support.v4.content.FileProvider"
32-->src\main\AndroidManifest.xml:23:13-67
33            android:authorities="com.example.administrator.note.fileprovider"
33-->src\main\AndroidManifest.xml:24:13-64
34            android:exported="false"
34-->src\main\AndroidManifest.xml:25:13-37
35            android:grantUriPermissions="true" >
35-->src\main\AndroidManifest.xml:26:13-47
36            <meta-data
36-->src\main\AndroidManifest.xml:27:13-29:58
37                android:name="android.support.FILE_PROVIDER_PATHS"
37-->src\main\AndroidManifest.xml:28:17-67
38                android:resource="@xml/provider_paths" />
38-->src\main\AndroidManifest.xml:29:17-55
39        </provider>
40
41        <activity android:name="com.example.administrator.note.MainActivity" />
41-->src\main\AndroidManifest.xml:32:9-50
41-->src\main\AndroidManifest.xml:32:19-47
42        <activity android:name="com.example.administrator.note.ActionActivity" />
42-->src\main\AndroidManifest.xml:33:9-52
42-->src\main\AndroidManifest.xml:33:19-49
43        <activity android:name="com.example.administrator.note.LookNoteActivity" />
43-->src\main\AndroidManifest.xml:34:9-54
43-->src\main\AndroidManifest.xml:34:19-51
44        <activity android:name="com.example.administrator.note.EditTextActivity" />
44-->src\main\AndroidManifest.xml:35:9-54
44-->src\main\AndroidManifest.xml:35:19-51
45        <activity android:name="com.example.administrator.note.CloudActivity" />
45-->src\main\AndroidManifest.xml:36:9-50
45-->src\main\AndroidManifest.xml:36:19-48
46        <activity
46-->src\main\AndroidManifest.xml:37:9-46:20
47            android:name="com.example.administrator.note.SplashActivity"
47-->src\main\AndroidManifest.xml:38:13-43
48            android:screenOrientation="portrait"
48-->src\main\AndroidManifest.xml:39:13-49
49            android:theme="@style/LaunchScreenTheme" >
49-->src\main\AndroidManifest.xml:40:13-53
50            <intent-filter>
50-->src\main\AndroidManifest.xml:41:13-45:29
51                <action android:name="android.intent.action.MAIN" />
51-->src\main\AndroidManifest.xml:42:17-69
51-->src\main\AndroidManifest.xml:42:25-66
52
53                <category android:name="android.intent.category.LAUNCHER" />
53-->src\main\AndroidManifest.xml:44:17-77
53-->src\main\AndroidManifest.xml:44:27-74
54            </intent-filter>
55        </activity>
56
57        <service
57-->src\main\AndroidManifest.xml:48:9-51:47
58            android:name="com.example.administrator.note.DeleteService"
58-->src\main\AndroidManifest.xml:49:13-42
59            android:enabled="true"
59-->src\main\AndroidManifest.xml:50:13-35
60            android:exported="true" />
60-->src\main\AndroidManifest.xml:51:13-36
61    </application>
62
63</manifest>